<?xml version="1.0" encoding="UTF-8"?>
<!-- Generated by org.testng.reporters.JUnitReportReporter -->
<testsuite hostname="DESKTOP-1KFPCNP" failures="0" tests="1" name="testCases.TC_AccountRegistrationTest" time="72.221" errors="0" timestamp="2025-10-24T16:02:32 IST" skipped="0">
  <testcase classname="testCases.TC_AccountRegistrationTest" name="verify_account_registration" time="72.221"/>
</testsuite> <!-- testCases.TC_AccountRegistrationTest -->
